<?xml version="1.0" encoding="UTF-8"?>
<!-- Generated by org.testng.reporters.JUnitXMLReporter -->
<testsuite hostname="Raam" ignored="0" name="Default test" tests="9" failures="0" timestamp="2023-03-14T22:56:04 IST" time="48.467" errors="0">
  <testcase name="login" time="3.175" classname="testscripts.CasePlaceOrder"/>
  <testcase name="additem" time="4.35" classname="testscripts.CasePlaceOrder"/>
  <testcase name="additem" time="2.576" classname="testscripts.CasePlaceOrder"/>
  <testcase name="additem" time="3.76" classname="testscripts.CasePlaceOrder"/>
  <testcase name="additem" time="5.545" classname="testscripts.CasePlaceOrder"/>
  <testcase name="additem" time="4.417" classname="testscripts.CasePlaceOrder"/>
  <testcase name="cart" time="2.008" classname="testscripts.CasePlaceOrder"/>
  <testcase name="del_cart" time="0.145" classname="testscripts.CasePlaceOrder"/>
  <testcase name="finalise" time="15.792" classname="testscripts.CasePlaceOrder"/>
</testsuite> <!-- Default test -->
