<?xml version="1.0" encoding="UTF-8"?>
<testng-results skipped="0" failed="0" ignored="0" total="9" passed="9">
  <reporter-output>
  </reporter-output>
  <suite name="Default suite" duration-ms="50819" started-at="2023-03-14T22:41:21 IST" finished-at="2023-03-14T22:42:12 IST">
    <groups>
    </groups>
    <test name="Default test" duration-ms="50819" started-at="2023-03-14T22:41:21 IST" finished-at="2023-03-14T22:42:12 IST">
      <class name="testscripts.CasePlaceOrder">
        <test-method status="PASS" signature="setup()[pri:0, instance:testscripts.CasePlaceOrder@3d0f8e03]" name="setup" is-config="true" duration-ms="6057" started-at="2023-03-14T22:41:21 IST" finished-at="2023-03-14T22:41:27 IST">
          <reporter-output>
          </reporter-output>
        </test-method> <!-- setup -->
        <test-method status="PASS" signature="login()[pri:1, instance:testscripts.CasePlaceOrder@3d0f8e03]" name="login" duration-ms="4157" started-at="2023-03-14T22:41:27 IST" finished-at="2023-03-14T22:41:31 IST">
          <reporter-output>
          </reporter-output>
        </test-method> <!-- login -->
        <test-method status="PASS" signature="additem(java.lang.String,java.lang.String)[pri:2, instance:testscripts.CasePlaceOrder@3d0f8e03]" name="additem" duration-ms="4681" started-at="2023-03-14T22:41:31 IST" data-provider="products" finished-at="2023-03-14T22:41:36 IST">
          <params>
            <param index="0">
              <value>
                <![CDATA[Phones]]>
              </value>
            </param>
            <param index="1">
              <value>
                <![CDATA[Samsung galaxy s6]]>
              </value>
            </param>
          </params>
          <reporter-output>
          </reporter-output>
        </test-method> <!-- additem -->
        <test-method status="PASS" signature="additem(java.lang.String,java.lang.String)[pri:2, instance:testscripts.CasePlaceOrder@3d0f8e03]" name="additem" duration-ms="4074" started-at="2023-03-14T22:41:36 IST" data-provider="products" finished-at="2023-03-14T22:41:40 IST">
          <params>
            <param index="0">
              <value>
                <![CDATA[Phones]]>
              </value>
            </param>
            <param index="1">
              <value>
                <![CDATA[Nokia lumia 1520]]>
              </value>
            </param>
          </params>
          <reporter-output>
          </reporter-output>
        </test-method> <!-- additem -->
        <test-method status="PASS" signature="additem(java.lang.String,java.lang.String)[pri:2, instance:testscripts.CasePlaceOrder@3d0f8e03]" name="additem" duration-ms="5091" started-at="2023-03-14T22:41:40 IST" data-provider="products" finished-at="2023-03-14T22:41:45 IST">
          <params>
            <param index="0">
              <value>
                <![CDATA[Laptops]]>
              </value>
            </param>
            <param index="1">
              <value>
                <![CDATA[MacBook air]]>
              </value>
            </param>
          </params>
          <reporter-output>
          </reporter-output>
        </test-method> <!-- additem -->
        <test-method status="PASS" signature="additem(java.lang.String,java.lang.String)[pri:2, instance:testscripts.CasePlaceOrder@3d0f8e03]" name="additem" duration-ms="3044" started-at="2023-03-14T22:41:45 IST" data-provider="products" finished-at="2023-03-14T22:41:48 IST">
          <params>
            <param index="0">
              <value>
                <![CDATA[Laptops]]>
              </value>
            </param>
            <param index="1">
              <value>
                <![CDATA[MacBook Pro]]>
              </value>
            </param>
          </params>
          <reporter-output>
          </reporter-output>
        </test-method> <!-- additem -->
        <test-method status="PASS" signature="additem(java.lang.String,java.lang.String)[pri:2, instance:testscripts.CasePlaceOrder@3d0f8e03]" name="additem" duration-ms="4846" started-at="2023-03-14T22:41:48 IST" data-provider="products" finished-at="2023-03-14T22:41:53 IST">
          <params>
            <param index="0">
              <value>
                <![CDATA[Monitors]]>
              </value>
            </param>
            <param index="1">
              <value>
                <![CDATA[Apple monitor 24]]>
              </value>
            </param>
          </params>
          <reporter-output>
          </reporter-output>
        </test-method> <!-- additem -->
        <test-method status="PASS" signature="cart()[pri:3, instance:testscripts.CasePlaceOrder@3d0f8e03]" name="cart" duration-ms="3149" started-at="2023-03-14T22:41:53 IST" finished-at="2023-03-14T22:41:56 IST">
          <reporter-output>
          </reporter-output>
        </test-method> <!-- cart -->
        <test-method status="PASS" signature="del_cart()[pri:4, instance:testscripts.CasePlaceOrder@3d0f8e03]" name="del_cart" duration-ms="126" started-at="2023-03-14T22:41:56 IST" depends-on-methods="testscripts.CasePlaceOrder.cart" finished-at="2023-03-14T22:41:56 IST">
          <reporter-output>
          </reporter-output>
        </test-method> <!-- del_cart -->
        <test-method status="PASS" signature="finalise()[pri:5, instance:testscripts.CasePlaceOrder@3d0f8e03]" name="finalise" duration-ms="15508" started-at="2023-03-14T22:41:56 IST" finished-at="2023-03-14T22:42:12 IST">
          <reporter-output>
          </reporter-output>
        </test-method> <!-- finalise -->
      </class> <!-- testscripts.CasePlaceOrder -->
    </test> <!-- Default test -->
  </suite> <!-- Default suite -->
</testng-results>
