<?xml version="1.0" encoding="UTF-8"?>
<testng-results skipped="0" failed="0" ignored="0" total="9" passed="9">
  <reporter-output>
  </reporter-output>
  <suite name="Default suite" duration-ms="48467" started-at="2023-03-14T22:55:16 IST" finished-at="2023-03-14T22:56:04 IST">
    <groups>
    </groups>
    <test name="Default test" duration-ms="48467" started-at="2023-03-14T22:55:16 IST" finished-at="2023-03-14T22:56:04 IST">
      <class name="testscripts.CasePlaceOrder">
        <test-method status="PASS" signature="setup()[pri:0, instance:testscripts.CasePlaceOrder@3d0f8e03]" name="setup" is-config="true" duration-ms="6606" started-at="2023-03-14T22:55:16 IST" finished-at="2023-03-14T22:55:23 IST">
          <reporter-output>
          </reporter-output>
        </test-method> <!-- setup -->
        <test-method status="PASS" signature="login()[pri:1, instance:testscripts.CasePlaceOrder@3d0f8e03]" name="login" duration-ms="3175" started-at="2023-03-14T22:55:23 IST" finished-at="2023-03-14T22:55:26 IST">
          <reporter-output>
          </reporter-output>
        </test-method> <!-- login -->
        <test-method status="PASS" signature="additem(java.lang.String,java.lang.String)[pri:2, instance:testscripts.CasePlaceOrder@3d0f8e03]" name="additem" duration-ms="4350" started-at="2023-03-14T22:55:26 IST" data-provider="products" finished-at="2023-03-14T22:55:30 IST">
          <params>
            <param index="0">
              <value>
                <![CDATA[Phones]]>
              </value>
            </param>
            <param index="1">
              <value>
                <![CDATA[Samsung galaxy s6]]>
              </value>
            </param>
          </params>
          <reporter-output>
          </reporter-output>
        </test-method> <!-- additem -->
        <test-method status="PASS" signature="additem(java.lang.String,java.lang.String)[pri:2, instance:testscripts.CasePlaceOrder@3d0f8e03]" name="additem" duration-ms="2576" started-at="2023-03-14T22:55:30 IST" data-provider="products" finished-at="2023-03-14T22:55:33 IST">
          <params>
            <param index="0">
              <value>
                <![CDATA[Phones]]>
              </value>
            </param>
            <param index="1">
              <value>
                <![CDATA[Nokia lumia 1520]]>
              </value>
            </param>
          </params>
          <reporter-output>
          </reporter-output>
        </test-method> <!-- additem -->
        <test-method status="PASS" signature="additem(java.lang.String,java.lang.String)[pri:2, instance:testscripts.CasePlaceOrder@3d0f8e03]" name="additem" duration-ms="3760" started-at="2023-03-14T22:55:33 IST" data-provider="products" finished-at="2023-03-14T22:55:37 IST">
          <params>
            <param index="0">
              <value>
                <![CDATA[Laptops]]>
              </value>
            </param>
            <param index="1">
              <value>
                <![CDATA[MacBook air]]>
              </value>
            </param>
          </params>
          <reporter-output>
          </reporter-output>
        </test-method> <!-- additem -->
        <test-method status="PASS" signature="additem(java.lang.String,java.lang.String)[pri:2, instance:testscripts.CasePlaceOrder@3d0f8e03]" name="additem" duration-ms="5545" started-at="2023-03-14T22:55:37 IST" data-provider="products" finished-at="2023-03-14T22:55:42 IST">
          <params>
            <param index="0">
              <value>
                <![CDATA[Laptops]]>
              </value>
            </param>
            <param index="1">
              <value>
                <![CDATA[MacBook Pro]]>
              </value>
            </param>
          </params>
          <reporter-output>
          </reporter-output>
        </test-method> <!-- additem -->
        <test-method status="PASS" signature="additem(java.lang.String,java.lang.String)[pri:2, instance:testscripts.CasePlaceOrder@3d0f8e03]" name="additem" duration-ms="4417" started-at="2023-03-14T22:55:42 IST" data-provider="products" finished-at="2023-03-14T22:55:47 IST">
          <params>
            <param index="0">
              <value>
                <![CDATA[Monitors]]>
              </value>
            </param>
            <param index="1">
              <value>
                <![CDATA[Apple monitor 24]]>
              </value>
            </param>
          </params>
          <reporter-output>
          </reporter-output>
        </test-method> <!-- additem -->
        <test-method status="PASS" signature="cart()[pri:3, instance:testscripts.CasePlaceOrder@3d0f8e03]" name="cart" duration-ms="2008" started-at="2023-03-14T22:55:47 IST" finished-at="2023-03-14T22:55:49 IST">
          <reporter-output>
          </reporter-output>
        </test-method> <!-- cart -->
        <test-method status="PASS" signature="del_cart()[pri:4, instance:testscripts.CasePlaceOrder@3d0f8e03]" name="del_cart" duration-ms="145" started-at="2023-03-14T22:55:49 IST" depends-on-methods="testscripts.CasePlaceOrder.cart" finished-at="2023-03-14T22:55:49 IST">
          <reporter-output>
          </reporter-output>
        </test-method> <!-- del_cart -->
        <test-method status="PASS" signature="finalise()[pri:5, instance:testscripts.CasePlaceOrder@3d0f8e03]" name="finalise" duration-ms="15792" started-at="2023-03-14T22:55:49 IST" finished-at="2023-03-14T22:56:04 IST">
          <reporter-output>
          </reporter-output>
        </test-method> <!-- finalise -->
      </class> <!-- testscripts.CasePlaceOrder -->
    </test> <!-- Default test -->
  </suite> <!-- Default suite -->
</testng-results>
